[2022-02-08 21:27:59.485] [exthost] [info] Extension host with pid 7769 started
[2022-02-08 21:27:59.485] [exthost] [info] Skipping acquiring lock for /home/aldo/.config/Code - OSS/User/workspaceStorage/5925ee2df60805946d74aa8d2c2841da.
[2022-02-08 21:27:59.644] [exthost] [info] ExtensionService#_doActivateExtension vscode.debug-auto-launch, startup: true, activationEvent: '*'
[2022-02-08 21:27:59.657] [exthost] [info] ExtensionService#_doActivateExtension vscode.git-base, startup: true, activationEvent: '*', root cause: vscode.github
[2022-02-08 21:27:59.664] [exthost] [info] ExtensionService#_doActivateExtension ritwickdey.LiveServer, startup: true, activationEvent: '*'
[2022-02-08 21:28:00.210] [exthost] [info] ExtensionService#_doActivateExtension sainnhe.gruvbox-material, startup: true, activationEvent: '*'
[2022-02-08 21:28:00.256] [exthost] [info] ExtensionService#_doActivateExtension vscode.git, startup: true, activationEvent: '*'
[2022-02-08 21:28:00.352] [exthost] [info] ExtensionService#_doActivateExtension vscode.github, startup: true, activationEvent: '*'
[2022-02-08 21:28:00.422] [exthost] [info] Eager extensions activated
[2022-02-08 21:28:00.442] [exthost] [info] ExtensionService#_doActivateExtension vscode.emmet, startup: false, activationEvent: 'onStartupFinished'
[2022-02-08 21:28:00.463] [exthost] [info] ExtensionService#_doActivateExtension vscode.merge-conflict, startup: false, activationEvent: 'onStartupFinished'
[2022-02-08 21:28:00.468] [exthost] [info] ExtensionService#_doActivateExtension PKief.material-icon-theme, startup: false, activationEvent: 'onStartupFinished'
[2022-02-08 21:28:18.260] [exthost] [info] extension host terminating: renderer closed the socket
[2022-02-08 21:28:18.269] [exthost] [info] Extension host with pid 7769 exiting with code 0
[2022-02-08 21:28:21.354] [exthost] [info] Extension host with pid 7854 started
[2022-02-08 21:28:21.354] [exthost] [info] Skipping acquiring lock for /home/aldo/.config/Code - OSS/User/workspaceStorage/5925ee2df60805946d74aa8d2c2841da.
[2022-02-08 21:28:21.483] [exthost] [info] ExtensionService#_doActivateExtension vscode.debug-auto-launch, startup: true, activationEvent: '*'
[2022-02-08 21:28:21.487] [exthost] [info] ExtensionService#_doActivateExtension vscode.git-base, startup: true, activationEvent: '*', root cause: vscode.github
[2022-02-08 21:28:21.490] [exthost] [info] ExtensionService#_doActivateExtension sainnhe.gruvbox-material, startup: true, activationEvent: '*'
[2022-02-08 21:28:21.518] [exthost] [info] ExtensionService#_doActivateExtension vscode.git, startup: true, activationEvent: '*'
[2022-02-08 21:28:21.538] [exthost] [info] ExtensionService#_doActivateExtension vscode.github, startup: true, activationEvent: '*'
[2022-02-08 21:28:21.590] [exthost] [info] Eager extensions activated
[2022-02-08 21:28:21.621] [exthost] [info] ExtensionService#_doActivateExtension vscode.emmet, startup: false, activationEvent: 'onStartupFinished'
[2022-02-08 21:28:21.628] [exthost] [info] ExtensionService#_doActivateExtension vscode.merge-conflict, startup: false, activationEvent: 'onStartupFinished'
[2022-02-08 21:28:21.632] [exthost] [info] ExtensionService#_doActivateExtension PKief.material-icon-theme, startup: false, activationEvent: 'onStartupFinished'
[2022-02-08 21:29:05.287] [exthost] [info] extension host terminating: renderer closed the socket
[2022-02-08 21:29:05.293] [exthost] [info] Extension host with pid 7854 exiting with code 0
