[2022-02-08 21:30:55.507] [renderer1] [info] IExtensionHostStarter.start() took 45 ms.
[2022-02-08 21:30:55.553] [renderer1] [critical] Extension 'ms-python.python CANNOT USE these API proposals 'languageStatus, quickPickSortByLabel, testObserver, notebookEditor'. You MUST start in extension development mode or use the --enable-proposed-api command line flag
[2022-02-08 21:30:56.399] [renderer1] [error] [Extension Host] (node:8751) [DEP0005] DeprecationWarning: Buffer() is deprecated due to security and usability issues. Please use the Buffer.alloc(), Buffer.allocUnsafe(), or Buffer.from() methods instead.
(Use `electron --trace-deprecation ...` to show where the warning was created)
[2022-02-08 21:32:05.798] [renderer1] [error] Cannot read property 'identifier' of undefined: TypeError: Cannot read property 'identifier' of undefined
    at l.renderElement (vscode-file://vscode-app/usr/lib/code/out/vs/workbench/workbench.desktop.main.js:2963:6761)
    at I.renderElement (vscode-file://vscode-app/usr/lib/code/out/vs/workbench/workbench.desktop.main.js:157:15109)
    at H.renderElement (vscode-file://vscode-app/usr/lib/code/out/vs/workbench/workbench.desktop.main.js:157:1825)
    at f.insertItemInDOM (vscode-file://vscode-app/usr/lib/code/out/vs/workbench/workbench.desktop.main.js:132:18676)
    at f.render (vscode-file://vscode-app/usr/lib/code/out/vs/workbench/workbench.desktop.main.js:132:17731)
    at f.onScroll (vscode-file://vscode-app/usr/lib/code/out/vs/workbench/workbench.desktop.main.js:132:23788)
    at o.fire (vscode-file://vscode-app/usr/lib/code/out/vs/workbench/workbench.desktop.main.js:67:1732)
    at vscode-file://vscode-app/usr/lib/code/out/vs/workbench/workbench.desktop.main.js:128:16207
    at o.fire (vscode-file://vscode-app/usr/lib/code/out/vs/workbench/workbench.desktop.main.js:67:1712)
    at T._setState (vscode-file://vscode-app/usr/lib/code/out/vs/workbench/workbench.desktop.main.js:67:21761)
    at T.setScrollPositionNow (vscode-file://vscode-app/usr/lib/code/out/vs/workbench/workbench.desktop.main.js:67:20188)
    at T.setScrollPositionSmooth (vscode-file://vscode-app/usr/lib/code/out/vs/workbench/workbench.desktop.main.js:67:20279)
    at s._onMouseWheel (vscode-file://vscode-app/usr/lib/code/out/vs/workbench/workbench.desktop.main.js:128:21439)
    at HTMLDivElement.w (vscode-file://vscode-app/usr/lib/code/out/vs/workbench/workbench.desktop.main.js:128:20115)
[2022-02-08 21:32:06.824] [renderer1] [error] Cannot read property 'identifier' of undefined: TypeError: Cannot read property 'identifier' of undefined
    at l.renderElement (vscode-file://vscode-app/usr/lib/code/out/vs/workbench/workbench.desktop.main.js:2963:6761)
    at I.renderElement (vscode-file://vscode-app/usr/lib/code/out/vs/workbench/workbench.desktop.main.js:157:15109)
    at H.renderElement (vscode-file://vscode-app/usr/lib/code/out/vs/workbench/workbench.desktop.main.js:157:1825)
    at f.insertItemInDOM (vscode-file://vscode-app/usr/lib/code/out/vs/workbench/workbench.desktop.main.js:132:18676)
    at f.render (vscode-file://vscode-app/usr/lib/code/out/vs/workbench/workbench.desktop.main.js:132:17731)
    at f.onScroll (vscode-file://vscode-app/usr/lib/code/out/vs/workbench/workbench.desktop.main.js:132:23788)
    at o.fire (vscode-file://vscode-app/usr/lib/code/out/vs/workbench/workbench.desktop.main.js:67:1732)
    at vscode-file://vscode-app/usr/lib/code/out/vs/workbench/workbench.desktop.main.js:128:16207
    at o.fire (vscode-file://vscode-app/usr/lib/code/out/vs/workbench/workbench.desktop.main.js:67:1712)
    at T._setState (vscode-file://vscode-app/usr/lib/code/out/vs/workbench/workbench.desktop.main.js:67:21761)
    at T.setScrollPositionNow (vscode-file://vscode-app/usr/lib/code/out/vs/workbench/workbench.desktop.main.js:67:20188)
    at T.setScrollPositionSmooth (vscode-file://vscode-app/usr/lib/code/out/vs/workbench/workbench.desktop.main.js:67:20279)
    at s._onMouseWheel (vscode-file://vscode-app/usr/lib/code/out/vs/workbench/workbench.desktop.main.js:128:21439)
    at HTMLDivElement.w (vscode-file://vscode-app/usr/lib/code/out/vs/workbench/workbench.desktop.main.js:128:20115)
[2022-02-08 21:32:07.993] [renderer1] [error] Cannot read property 'identifier' of undefined: TypeError: Cannot read property 'identifier' of undefined
    at l.renderElement (vscode-file://vscode-app/usr/lib/code/out/vs/workbench/workbench.desktop.main.js:2963:6761)
    at I.renderElement (vscode-file://vscode-app/usr/lib/code/out/vs/workbench/workbench.desktop.main.js:157:15109)
    at H.renderElement (vscode-file://vscode-app/usr/lib/code/out/vs/workbench/workbench.desktop.main.js:157:1825)
    at f.insertItemInDOM (vscode-file://vscode-app/usr/lib/code/out/vs/workbench/workbench.desktop.main.js:132:18676)
    at f.render (vscode-file://vscode-app/usr/lib/code/out/vs/workbench/workbench.desktop.main.js:132:17731)
    at f.onScroll (vscode-file://vscode-app/usr/lib/code/out/vs/workbench/workbench.desktop.main.js:132:23788)
    at o.fire (vscode-file://vscode-app/usr/lib/code/out/vs/workbench/workbench.desktop.main.js:67:1732)
    at vscode-file://vscode-app/usr/lib/code/out/vs/workbench/workbench.desktop.main.js:128:16207
    at o.fire (vscode-file://vscode-app/usr/lib/code/out/vs/workbench/workbench.desktop.main.js:67:1712)
    at T._setState (vscode-file://vscode-app/usr/lib/code/out/vs/workbench/workbench.desktop.main.js:67:21761)
    at T.setScrollPositionNow (vscode-file://vscode-app/usr/lib/code/out/vs/workbench/workbench.desktop.main.js:67:20188)
    at T.setScrollPositionSmooth (vscode-file://vscode-app/usr/lib/code/out/vs/workbench/workbench.desktop.main.js:67:20279)
    at s._onMouseWheel (vscode-file://vscode-app/usr/lib/code/out/vs/workbench/workbench.desktop.main.js:128:21439)
    at HTMLDivElement.w (vscode-file://vscode-app/usr/lib/code/out/vs/workbench/workbench.desktop.main.js:128:20115)
[2022-02-08 21:32:26.734] [renderer1] [error] Cannot read property 'identifier' of undefined: TypeError: Cannot read property 'identifier' of undefined
    at l.renderElement (vscode-file://vscode-app/usr/lib/code/out/vs/workbench/workbench.desktop.main.js:2963:6761)
    at I.renderElement (vscode-file://vscode-app/usr/lib/code/out/vs/workbench/workbench.desktop.main.js:157:15109)
    at H.renderElement (vscode-file://vscode-app/usr/lib/code/out/vs/workbench/workbench.desktop.main.js:157:1825)
    at f.insertItemInDOM (vscode-file://vscode-app/usr/lib/code/out/vs/workbench/workbench.desktop.main.js:132:18676)
    at f.render (vscode-file://vscode-app/usr/lib/code/out/vs/workbench/workbench.desktop.main.js:132:17731)
    at f.onScroll (vscode-file://vscode-app/usr/lib/code/out/vs/workbench/workbench.desktop.main.js:132:23788)
    at o.fire (vscode-file://vscode-app/usr/lib/code/out/vs/workbench/workbench.desktop.main.js:67:1732)
    at vscode-file://vscode-app/usr/lib/code/out/vs/workbench/workbench.desktop.main.js:128:16207
    at o.fire (vscode-file://vscode-app/usr/lib/code/out/vs/workbench/workbench.desktop.main.js:67:1712)
    at T._setState (vscode-file://vscode-app/usr/lib/code/out/vs/workbench/workbench.desktop.main.js:67:21761)
    at T.setScrollPositionNow (vscode-file://vscode-app/usr/lib/code/out/vs/workbench/workbench.desktop.main.js:67:20188)
    at T.setScrollPositionSmooth (vscode-file://vscode-app/usr/lib/code/out/vs/workbench/workbench.desktop.main.js:67:20279)
    at s._onMouseWheel (vscode-file://vscode-app/usr/lib/code/out/vs/workbench/workbench.desktop.main.js:128:21439)
    at HTMLDivElement.w (vscode-file://vscode-app/usr/lib/code/out/vs/workbench/workbench.desktop.main.js:128:20115)
[2022-02-08 21:32:27.881] [renderer1] [error] Cannot read property 'identifier' of undefined: TypeError: Cannot read property 'identifier' of undefined
    at l.renderElement (vscode-file://vscode-app/usr/lib/code/out/vs/workbench/workbench.desktop.main.js:2963:6761)
    at I.renderElement (vscode-file://vscode-app/usr/lib/code/out/vs/workbench/workbench.desktop.main.js:157:15109)
    at H.renderElement (vscode-file://vscode-app/usr/lib/code/out/vs/workbench/workbench.desktop.main.js:157:1825)
    at f.insertItemInDOM (vscode-file://vscode-app/usr/lib/code/out/vs/workbench/workbench.desktop.main.js:132:18676)
    at f.render (vscode-file://vscode-app/usr/lib/code/out/vs/workbench/workbench.desktop.main.js:132:17731)
    at f.onScroll (vscode-file://vscode-app/usr/lib/code/out/vs/workbench/workbench.desktop.main.js:132:23788)
    at o.fire (vscode-file://vscode-app/usr/lib/code/out/vs/workbench/workbench.desktop.main.js:67:1732)
    at vscode-file://vscode-app/usr/lib/code/out/vs/workbench/workbench.desktop.main.js:128:16207
    at o.fire (vscode-file://vscode-app/usr/lib/code/out/vs/workbench/workbench.desktop.main.js:67:1712)
    at T._setState (vscode-file://vscode-app/usr/lib/code/out/vs/workbench/workbench.desktop.main.js:67:21761)
    at T.setScrollPositionNow (vscode-file://vscode-app/usr/lib/code/out/vs/workbench/workbench.desktop.main.js:67:20188)
    at T.setScrollPositionSmooth (vscode-file://vscode-app/usr/lib/code/out/vs/workbench/workbench.desktop.main.js:67:20279)
    at s._onMouseWheel (vscode-file://vscode-app/usr/lib/code/out/vs/workbench/workbench.desktop.main.js:128:21439)
    at HTMLDivElement.w (vscode-file://vscode-app/usr/lib/code/out/vs/workbench/workbench.desktop.main.js:128:20115)
