[2022-01-14 21:42:51.304] [exthost] [info] Extension host with pid 17932 started
[2022-01-14 21:42:51.304] [exthost] [info] Skipping acquiring lock for /home/aldo/.config/Code - OSS/User/workspaceStorage/5925ee2df60805946d74aa8d2c2841da.
[2022-01-14 21:42:51.455] [exthost] [info] ExtensionService#_doActivateExtension ms-python.python, startup: false, activationEvent: 'onLanguage:python'
[2022-01-14 21:42:51.817] [exthost] [info] ExtensionService#_doActivateExtension vscode.debug-auto-launch, startup: true, activationEvent: '*'
[2022-01-14 21:42:51.821] [exthost] [info] ExtensionService#_doActivateExtension vscode.git, startup: true, activationEvent: '*', root cause: vscode.github
[2022-01-14 21:42:51.851] [exthost] [info] ExtensionService#_doActivateExtension ritwickdey.LiveServer, startup: true, activationEvent: '*'
[2022-01-14 21:42:52.569] [exthost] [info] ExtensionService#_doActivateExtension sainnhe.gruvbox-material, startup: true, activationEvent: '*'
[2022-01-14 21:42:53.185] [exthost] [info] ExtensionService#_doActivateExtension vscode.github, startup: true, activationEvent: '*'
[2022-01-14 21:42:53.273] [exthost] [info] Eager extensions activated
[2022-01-14 21:42:53.337] [exthost] [info] ExtensionService#_doActivateExtension vscode.merge-conflict, startup: false, activationEvent: 'onStartupFinished'
[2022-01-14 21:42:53.341] [exthost] [info] ExtensionService#_doActivateExtension PKief.material-icon-theme, startup: false, activationEvent: 'onStartupFinished'
[2022-01-14 21:43:17.637] [exthost] [error] [ms-python.python] provider FAILED
[2022-01-14 21:43:17.643] [exthost] [error] TypeError: Cannot read property 'length' of undefined
	at /home/aldo/.vscode-oss/extensions/ms-python.python-2021.12.1559732655/out/client/extension.js:67:257359
	at p (/home/aldo/.vscode-oss/extensions/ms-python.python-2021.12.1559732655/out/client/extension.js:67:262355)
	at async B.provideCompletionItems (/usr/lib/code/out/vs/workbench/services/extensions/node/extensionHostProcess.js:94:181124)
[2022-01-14 21:45:56.388] [exthost] [info] ExtensionService#_doActivateExtension vscode.configuration-editing, startup: false, activationEvent: 'onLanguage:jsonc'
[2022-01-14 21:45:56.398] [exthost] [info] ExtensionService#_doActivateExtension vscode.json-language-features, startup: false, activationEvent: 'onLanguage:jsonc'
[2022-01-14 21:45:56.428] [exthost] [info] ExtensionService#_doActivateExtension vscode.typescript-language-features, startup: false, activationEvent: 'onLanguage:jsonc'
[2022-01-14 22:01:01.148] [exthost] [info] extension host terminating: renderer closed the socket
[2022-01-14 22:01:02.168] [exthost] [info] Extension host with pid 17932 exiting with code 0
